<?xml version="1.0" encoding="utf-8"?><testsuites name="pytest tests"><testsuite name="pytest" errors="0" failures="0" skipped="0" tests="28" time="3.192" timestamp="2026-05-24T07:10:02.763669+00:00" hostname="agent-env-a85fed29-f87b-4179-a4e8-32fa706c9cc8"><testcase classname="backend.tests.backend_test.TestHealth" name="test_root" time="0.202" /><testcase classname="backend.tests.backend_test.TestFiles" name="test_upload_html_file" time="0.053" /><testcase classname="backend.tests.backend_test.TestFiles" name="test_upload_mhtml_file" time="0.090" /><testcase classname="backend.tests.backend_test.TestFiles" name="test_upload_multiple_files" time="0.046" /><testcase classname="backend.tests.backend_test.TestFiles" name="test_upload_with_paths_creates_folder_metadata" time="0.097" /><testcase classname="backend.tests.backend_test.TestFiles" name="test_upload_with_malformed_paths_json_does_not_crash" time="0.049" /><testcase classname="backend.tests.backend_test.TestFiles" name="test_upload_paths_fewer_than_files" time="0.048" /><testcase classname="backend.tests.backend_test.TestFiles" name="test_paste_html" time="0.047" /><testcase classname="backend.tests.backend_test.TestFiles" name="test_paste_default_name" time="0.044" /><testcase classname="backend.tests.backend_test.TestFiles" name="test_list_files" time="0.045" /><testcase classname="backend.tests.backend_test.TestFiles" name="test_get_file_content" time="0.046" /><testcase classname="backend.tests.backend_test.TestFiles" name="test_get_file_content_404" time="0.043" /><testcase classname="backend.tests.backend_test.TestBookmarks" name="test_create_bookmark" time="0.044" /><testcase classname="backend.tests.backend_test.TestBookmarks" name="test_create_bookmark_invalid_file" time="0.042" /><testcase classname="backend.tests.backend_test.TestBookmarks" name="test_create_bookmark_duplicate_returns_existing" time="0.043" /><testcase classname="backend.tests.backend_test.TestBookmarks" name="test_list_bookmarks" time="0.055" /><testcase classname="backend.tests.backend_test.TestBookmarks" name="test_delete_bookmark" time="0.089" /><testcase classname="backend.tests.backend_test.TestBookmarks" name="test_delete_bookmark_404" time="0.044" /><testcase classname="backend.tests.backend_test.TestBookmarks" name="test_delete_file_removes_bookmarks" time="0.209" /><testcase classname="backend.tests.backend_test.TestBulkDelete" name="test_delete_all_files_and_bookmarks" time="0.309" /><testcase classname="backend.tests.backend_test.TestBulkDelete" name="test_delete_all_when_empty" time="0.041" /><testcase classname="backend.tests.backend_test.TestRename" name="test_rename_file_updates_name_and_bookmark" time="0.305" /><testcase classname="backend.tests.backend_test.TestRename" name="test_rename_empty_name_rejected" time="0.130" /><testcase classname="backend.tests.backend_test.TestRename" name="test_rename_nonexistent_returns_404" time="0.046" /><testcase classname="backend.tests.backend_test.TestExportBookmarks" name="test_export_bookmarks_structure" time="0.176" /><testcase classname="backend.tests.backend_test.TestExportBookmarks" name="test_export_empty_bookmarks" time="0.088" /><testcase classname="backend.tests.backend_test.TestCleanup" name="test_delete_all_test_files" time="0.596" /><testcase classname="backend.tests.backend_test.TestCleanup" name="test_delete_nonexistent_file" time="0.044" /></testsuite></testsuites>